0 info it worked if it ends with ok
1 verbose cli [ '/usr/bin/nodejs', '/usr/bin/npm', 'start' ]
2 info using npm@1.4.21
3 info using node@v4.2.6
4 verbose run-script [ 'prestart', 'start', 'poststart' ]
5 info prestart reepsy-webpack-react@0.0.0
6 info start reepsy-webpack-react@0.0.0
7 verbose unsafe-perm in lifecycle true
8 info reepsy-webpack-react@0.0.0 Failed to exec start script
9 error reepsy-webpack-react@0.0.0 start: `webpack-dev-server --content-base dist --hot --progress --colors`
9 error Exit status 1
10 error Failed at the reepsy-webpack-react@0.0.0 start script.
10 error This is most likely a problem with the reepsy-webpack-react package,
10 error not with npm itself.
10 error Tell the author that this fails on your system:
10 error     webpack-dev-server --content-base dist --hot --progress --colors
10 error You can get their info via:
10 error     npm owner ls reepsy-webpack-react
10 error There is likely additional logging output above.
11 error System Linux 4.3.0-1-amd64
12 error command "/usr/bin/nodejs" "/usr/bin/npm" "start"
13 error cwd /home/uriel/Git/Nodejs/iron-bank-front
14 error node -v v4.2.6
15 error npm -v 1.4.21
16 error code ELIFECYCLE
17 verbose exit [ 1, true ]
